<?xml version="1.0" encoding="UTF-8"?>
<!-- Generated by org.testng.reporters.JUnitReportReporter -->
<testsuite hostname="DESKTOP-OB0UVLQ" failures="0" tests="1" name="Tests._82_Actions" time="23.568" errors="0" timestamp="2020-04-11T09:22:19 BST" skipped="0">
  <testcase classname="Tests._82_Actions" name="Actions" time="23.568"/>
  <system-out/>
</testsuite> <!-- Tests._82_Actions -->
