<?xml version="1.0" encoding="UTF-8"?>
<!-- Generated by org.testng.reporters.JUnitReportReporter -->
<testsuite hostname="DESKTOP-OB0UVLQ" failures="0" tests="1" name="Tests._86_iFrames" time="12.218" errors="0" timestamp="2020-04-11T09:27:12 BST" skipped="0">
  <testcase classname="Tests._86_iFrames" name="testName" time="12.218"/>
  <system-out/>
</testsuite> <!-- Tests._86_iFrames -->
