<?xml version="1.0" encoding="UTF-8"?>
<!-- Generated by org.testng.reporters.JUnitReportReporter -->
<testsuite hostname="DESKTOP-OB0UVLQ" failures="0" tests="2" name="Tests2.Dropdown_48" time="12.495" errors="0" timestamp="2020-04-11T09:20:38 BST" skipped="1">
  <testcase classname="Tests2.Dropdown_48" name="dropdown" time="12.495"/>
  <system-out/>
  <testcase classname="Tests2.Dropdown_48" name="dropdown_dynamic">
    <skipped/>
  </testcase> <!-- dropdown_dynamic -->
  <system-out/>
</testsuite> <!-- Tests2.Dropdown_48 -->
